Request to make modules:
module InspectionGadgetsPlugin
module IntelliLang
module IntelliLang-java
module IntelliLang-javaee
module IntelliLang-xml
module IntentionPowerPackPlugin
module RegExpSupport
module android
module annotations
module ant
module boot
module bootstrap
module build
module commander
module community-main
module community-resources
module compiler-impl
module compiler-openapi
module copyright
module cvs-core
module cvs-plugin
module debugger-impl
module debugger-openapi
module devkit
module dom-impl
module dom-openapi
module eclipse
module execution-impl
module execution-openapi
module extensions
module forms-compiler
module forms_rt
module generate-tostring
module git4idea
module github
module groovy-rt
module hg4idea
module icons
module idea-ui
module images
module java-i18n
module java-impl
module java-runtime
module java-tests
module javac2
module javacvs-src
module jetgroovy
module jira-connector
module jsp-base-openapi
module jsp-openapi
module jsp-spi
module junit
module junit_rt
module lang-api
module lang-impl
module lvcs-api
module lvcs-impl
module maven
module maven-server-api
module maven2-server-impl
module maven3-server-impl
module notNull
module openapi
module platform-api
module platform-impl
module platform-main
module platform-resources
module platform-resources-en
module properties
module relaxng
module resources
module resources-en
module smRunner
module smartcvs-src
module spellchecker
module svn4idea
module svn4idea-tests
module tasks-api
module tasks-core
module tasks-java
module tasks-tests
module testFramework
module testFramework-java
module testRunner
module testng
module testng_rt
module tests_bootstrap
module ui-designer
module usageView
module util
module vcs-api
module vcs-impl
module xdebugger-api
module xdebugger-impl
module xml
module xml-openapi
module xpath
module xslt-debugger
module xslt-debugger-engine
module xslt-debugger-engine-impl
module xslt-rt
End of request
digraph X {
  InspectionGadgetsPlugin[label="InspectionGadgetsPlugin"];
  openapi -> InspectionGadgetsPlugin;
  util -> InspectionGadgetsPlugin;
  jsp_openapi -> InspectionGadgetsPlugin;
  java_impl -> InspectionGadgetsPlugin;
  testFramework_java -> InspectionGadgetsPlugin;
  IntelliLang[label="IntelliLang"];
  platform_impl -> IntelliLang;
  lang_impl -> IntelliLang;
  RegExpSupport -> IntelliLang;
  platform_api -> IntelliLang;
  IntelliLang_java[label="IntelliLang_java"];
  openapi -> IntelliLang_java;
  platform_impl -> IntelliLang_java;
  lang_impl -> IntelliLang_java;
  compiler_impl -> IntelliLang_java;
  RegExpSupport -> IntelliLang_java;
  platform_api -> IntelliLang_java;
  java_impl -> IntelliLang_java;
  IntelliLang -> IntelliLang_java;
  IntelliLang_javaee[label="IntelliLang_javaee"];
  IntelliLang -> IntelliLang_javaee;
  lang_api -> IntelliLang_javaee;
  jsp_spi -> IntelliLang_javaee;
  IntelliLang_xml[label="IntelliLang_xml"];
  platform_impl -> IntelliLang_xml;
  lang_impl -> IntelliLang_xml;
  xml -> IntelliLang_xml;
  RegExpSupport -> IntelliLang_xml;
  xpath -> IntelliLang_xml;
  platform_api -> IntelliLang_xml;
  IntelliLang -> IntelliLang_xml;
  IntentionPowerPackPlugin[label="IntentionPowerPackPlugin"];
  openapi -> IntentionPowerPackPlugin;
  util -> IntentionPowerPackPlugin;
  jsp_openapi -> IntentionPowerPackPlugin;
  testFramework_java -> IntentionPowerPackPlugin;
  RegExpSupport[label="RegExpSupport"];
  lang_api -> RegExpSupport;
  lang_impl -> RegExpSupport;
  xml -> RegExpSupport;
  testFramework -> RegExpSupport;
  android[label="android"];
  openapi -> android;
  dom_openapi -> android;
  execution_impl -> android;
  dom_impl -> android;
  compiler_impl -> android;
  xml -> android;
  debugger_impl -> android;
  xdebugger_impl -> android;
  testFramework_java -> android;
  execution_openapi -> android;
  smRunner -> android;
  junit -> android;
  idea_ui -> android;
  maven -> android;
  java_impl -> android;
  annotations[label="annotations"];
  ant[label="ant"];
  openapi -> ant;
  testFramework_java -> ant;
  compiler_impl -> ant;
  java_runtime -> ant;
  execution_impl -> ant;
  xml -> ant;
  properties -> ant;
  execution_openapi -> ant;
  idea_ui -> ant;
  dom_openapi -> ant;
  xml_openapi -> ant;
  util -> ant;
  lang_impl -> ant;
  platform_impl -> ant;
  boot[label="boot"];
  bootstrap[label="bootstrap"];
  util -> bootstrap;
  build[label="build"];
  commander[label="commander"];
  openapi -> commander;
  java_impl -> commander;
  community_main[label="community_main"];
  annotations -> community_main;
  ant -> community_main;
  boot -> community_main;
  bootstrap -> community_main;
  commander -> community_main;
  compiler_impl -> community_main;
  compiler_openapi -> community_main;
  debugger_impl -> community_main;
  debugger_openapi -> community_main;
  dom_impl -> community_main;
  dom_openapi -> community_main;
  execution_impl -> community_main;
  execution_openapi -> community_main;
  extensions -> community_main;
  forms_rt -> community_main;
  icons -> community_main;
  idea_ui -> community_main;
  java_impl -> community_main;
  java_runtime -> community_main;
  jsp_base_openapi -> community_main;
  jsp_openapi -> community_main;
  jsp_spi -> community_main;
  lang_api -> community_main;
  lang_impl -> community_main;
  lvcs_api -> community_main;
  lvcs_impl -> community_main;
  notNull -> community_main;
  openapi -> community_main;
  platform_api -> community_main;
  platform_impl -> community_main;
  platform_main -> community_main;
  platform_resources -> community_main;
  platform_resources_en -> community_main;
  properties -> community_main;
  resources -> community_main;
  resources_en -> community_main;
  spellchecker -> community_main;
  testFramework -> community_main;
  testFramework_java -> community_main;
  testRunner -> community_main;
  usageView -> community_main;
  util -> community_main;
  vcs_api -> community_main;
  vcs_impl -> community_main;
  xdebugger_api -> community_main;
  xdebugger_impl -> community_main;
  xml -> community_main;
  xml_openapi -> community_main;
  community_resources -> community_main;
  java_tests -> community_main;
  copyright -> community_main;
  cvs_plugin -> community_main;
  java_i18n -> community_main;
  ui_designer -> community_main;
  devkit -> community_main;
  eclipse -> community_main;
  generate_tostring -> community_main;
  git4idea -> community_main;
  images -> community_main;
  InspectionGadgetsPlugin -> community_main;
  IntentionPowerPackPlugin -> community_main;
  jetgroovy -> community_main;
  junit -> community_main;
  maven -> community_main;
  RegExpSupport -> community_main;
  svn4idea -> community_main;
  svn4idea_tests -> community_main;
  testng -> community_main;
  IntelliLang_java -> community_main;
  IntelliLang_javaee -> community_main;
  IntelliLang_xml -> community_main;
  xpath -> community_main;
  xslt_debugger -> community_main;
  xslt_debugger_engine -> community_main;
  tasks_core -> community_main;
  jira_connector -> community_main;
  tasks_api -> community_main;
  tasks_java -> community_main;
  tasks_tests -> community_main;
  github -> community_main;
  hg4idea -> community_main;
  android -> community_main;
  relaxng -> community_main;
  community_resources[label="community_resources"];
  compiler_impl[label="compiler_impl"];
  compiler_openapi -> compiler_impl;
  util -> compiler_impl;
  openapi -> compiler_impl;
  java_runtime -> compiler_impl;
  notNull -> compiler_impl;
  platform_api -> compiler_impl;
  lang_impl -> compiler_impl;
  jsp_openapi -> compiler_impl;
  java_impl -> compiler_impl;
  compiler_openapi[label="compiler_openapi"];
  openapi -> compiler_openapi;
  copyright[label="copyright"];
  jsp_openapi -> copyright;
  xml_openapi -> copyright;
  lang_api -> copyright;
  lang_impl -> copyright;
  openapi -> copyright;
  cvs_core[label="cvs_core"];
  platform_api -> cvs_core;
  javacvs_src -> cvs_core;
  vcs_api -> cvs_core;
  cvs_plugin[label="cvs_plugin"];
  cvs_core -> cvs_plugin;
  vcs_api -> cvs_plugin;
  javacvs_src -> cvs_plugin;
  vcs_impl -> cvs_plugin;
  lang_api -> cvs_plugin;
  smartcvs_src -> cvs_plugin;
  platform_impl -> cvs_plugin;
  debugger_impl[label="debugger_impl"];
  debugger_openapi -> debugger_impl;
  openapi -> debugger_impl;
  execution_openapi -> debugger_impl;
  resources -> debugger_impl;
  xdebugger_api -> debugger_impl;
  xdebugger_impl -> debugger_impl;
  lang_api -> debugger_impl;
  compiler_openapi -> debugger_impl;
  java_runtime -> debugger_impl;
  jsp_openapi -> debugger_impl;
  java_impl -> debugger_impl;
  debugger_openapi[label="debugger_openapi"];
  openapi -> debugger_openapi;
  execution_openapi -> debugger_openapi;
  jsp_openapi -> debugger_openapi;
  devkit[label="devkit"];
  openapi -> devkit;
  util -> devkit;
  compiler_openapi -> devkit;
  execution_openapi -> devkit;
  dom_openapi -> devkit;
  execution_impl -> devkit;
  lvcs_impl -> devkit;
  testFramework_java -> devkit;
  java_impl -> devkit;
  compiler_impl -> devkit;
  dom_impl[label="dom_impl"];
  dom_openapi -> dom_impl;
  resources -> dom_impl;
  xml -> dom_impl;
  util -> dom_impl;
  platform_api -> dom_impl;
  platform_impl -> dom_impl;
  lang_api -> dom_impl;
  lang_impl -> dom_impl;
  xml_openapi -> dom_impl;
  dom_openapi[label="dom_openapi"];
  resources -> dom_openapi;
  xml_openapi -> dom_openapi;
  lang_api -> dom_openapi;
  platform_api -> dom_openapi;
  extensions -> dom_openapi;
  util -> dom_openapi;
  lang_impl -> dom_openapi;
  eclipse[label="eclipse"];
  openapi -> eclipse;
  bootstrap -> eclipse;
  testFramework_java -> eclipse;
  compiler_openapi -> eclipse;
  idea_ui -> eclipse;
  annotations -> eclipse;
  java_impl -> eclipse;
  execution_impl[label="execution_impl"];
  openapi -> execution_impl;
  execution_openapi -> execution_impl;
  java_runtime -> execution_impl;
  debugger_impl -> execution_impl;
  testRunner -> execution_impl;
  compiler_openapi -> execution_impl;
  java_impl -> execution_impl;
  execution_openapi[label="execution_openapi"];
  openapi -> execution_openapi;
  resources -> execution_openapi;
  xdebugger_api -> execution_openapi;
  java_runtime -> execution_openapi;
  extensions[label="extensions"];
  util -> extensions;
  forms_compiler[label="forms_compiler"];
  forms_rt -> forms_compiler;
  forms_rt[label="forms_rt"];
  generate_tostring[label="generate_tostring"];
  lang_api -> generate_tostring;
  openapi -> generate_tostring;
  lang_impl -> generate_tostring;
  platform_impl -> generate_tostring;
  java_impl -> generate_tostring;
  git4idea[label="git4idea"];
  vcs_api -> git4idea;
  platform_impl -> git4idea;
  vcs_impl -> git4idea;
  lang_api -> git4idea;
  lvcs_api -> git4idea;
  testFramework -> git4idea;
  platform_api -> git4idea;
  lang_impl -> git4idea;
  github[label="github"];
  vcs_api -> github;
  git4idea -> github;
  vcs_impl -> github;
  tasks_core -> github;
  tasks_api -> github;
  lang_api -> github;
  platform_impl -> github;
  lang_impl -> github;
  groovy_rt[label="groovy_rt"];
  hg4idea[label="hg4idea"];
  vcs_api -> hg4idea;
  testFramework -> hg4idea;
  platform_api -> hg4idea;
  vcs_impl -> hg4idea;
  platform_impl -> hg4idea;
  lang_api -> hg4idea;
  icons[label="icons"];
  idea_ui[label="idea_ui"];
  openapi -> idea_ui;
  compiler_openapi -> idea_ui;
  compiler_impl -> idea_ui;
  java_impl -> idea_ui;
  images[label="images"];
  lang_api -> images;
  lang_impl -> images;
  java_i18n[label="java_i18n"];
  lang_api -> java_i18n;
  openapi -> java_i18n;
  properties -> java_i18n;
  platform_impl -> java_i18n;
  lang_impl -> java_i18n;
  xml -> java_i18n;
  spellchecker -> java_i18n;
  java_impl -> java_i18n;
  jsp_base_openapi -> java_i18n;
  jsp_openapi -> java_i18n;
  testFramework_java -> java_i18n;
  java_impl[label="java_impl"];
  boot -> java_impl;
  util -> java_impl;
  openapi -> java_impl;
  xml -> java_impl;
  java_runtime -> java_impl;
  lang_impl -> java_impl;
  compiler_openapi -> java_impl;
  jsp_openapi -> java_impl;
  jsp_spi -> java_impl;
  execution_openapi -> java_impl;
  dom_openapi -> java_impl;
  dom_impl -> java_impl;
  vcs_impl -> java_impl;
  icons -> java_impl;
  java_runtime[label="java_runtime"];
  java_tests[label="java_tests"];
  testFramework_java -> java_tests;
  java_impl -> java_tests;
  idea_ui -> java_tests;
  platform_api -> java_tests;
  java_i18n -> java_tests;
  compiler_impl -> java_tests;
  notNull -> java_tests;
  junit -> java_tests;
  testng -> java_tests;
  javac2[label="javac2"];
  forms_compiler -> javac2;
  forms_rt -> javac2;
  notNull -> javac2;
  javacvs_src[label="javacvs_src"];
  util -> javacvs_src;
  jetgroovy[label="jetgroovy"];
  openapi -> jetgroovy;
  debugger_openapi -> jetgroovy;
  groovy_rt -> jetgroovy;
  compiler_impl -> jetgroovy;
  debugger_impl -> jetgroovy;
  lang_api -> jetgroovy;
  properties -> jetgroovy;
  execution_impl -> jetgroovy;
  compiler_openapi -> jetgroovy;
  execution_openapi -> jetgroovy;
  idea_ui -> jetgroovy;
  java_impl -> jetgroovy;
  copyright -> jetgroovy;
  IntelliLang -> jetgroovy;
  ant -> jetgroovy;
  testFramework_java -> jetgroovy;
  IntelliLang_java -> jetgroovy;
  IntelliLang_xml -> jetgroovy;
  jira_connector[label="jira_connector"];
  util -> jira_connector;
  platform_api -> jira_connector;
  platform_impl -> jira_connector;
  tasks_api -> jira_connector;
  jsp_base_openapi[label="jsp_base_openapi"];
  platform_api -> jsp_base_openapi;
  xml_openapi -> jsp_base_openapi;
  lang_api -> jsp_base_openapi;
  jsp_openapi[label="jsp_openapi"];
  openapi -> jsp_openapi;
  util -> jsp_openapi;
  jsp_base_openapi -> jsp_openapi;
  jsp_spi[label="jsp_spi"];
  jsp_openapi -> jsp_spi;
  openapi -> jsp_spi;
  jsp_base_openapi -> jsp_spi;
  junit[label="junit"];
  execution_openapi -> junit;
  openapi -> junit;
  execution_impl -> junit;
  java_runtime -> junit;
  debugger_impl -> junit;
  testRunner -> junit;
  junit_rt -> junit;
  compiler_openapi -> junit;
  java_impl -> junit;
  junit_rt[label="junit_rt"];
  java_runtime -> junit_rt;
  lang_api[label="lang_api"];
  platform_api -> lang_api;
  lvcs_api -> lang_api;
  lang_impl[label="lang_impl"];
  boot -> lang_impl;
  lang_api -> lang_impl;
  vcs_api -> lang_impl;
  vcs_impl -> lang_impl;
  platform_impl -> lang_impl;
  usageView -> lang_impl;
  xdebugger_api -> lang_impl;
  lvcs_api[label="lvcs_api"];
  platform_api -> lvcs_api;
  lvcs_impl[label="lvcs_impl"];
  vcs_api -> lvcs_impl;
  vcs_impl -> lvcs_impl;
  testFramework -> lvcs_impl;
  lvcs_api -> lvcs_impl;
  lang_api -> lvcs_impl;
  platform_impl -> lvcs_impl;
  maven[label="maven"];
  maven_server_api -> maven;
  openapi -> maven;
  platform_impl -> maven;
  java_impl -> maven;
  xml -> maven;
  IntelliLang_xml -> maven;
  dom_openapi -> maven;
  dom_impl -> maven;
  properties -> maven;
  compiler_openapi -> maven;
  compiler_impl -> maven;
  execution_openapi -> maven;
  execution_impl -> maven;
  idea_ui -> maven;
  forms_rt -> maven;
  testFramework_java -> maven;
  jetgroovy -> maven;
  maven_server_api[label="maven_server_api"];
  util -> maven_server_api;
  maven2_server_impl[label="maven2_server_impl"];
  maven_server_api -> maven2_server_impl;
  util -> maven2_server_impl;
  maven -> maven2_server_impl;
  maven3_server_impl[label="maven3_server_impl"];
  maven_server_api -> maven3_server_impl;
  util -> maven3_server_impl;
  maven -> maven3_server_impl;
  notNull[label="notNull"];
  openapi[label="openapi"];
  util -> openapi;
  forms_rt -> openapi;
  extensions -> openapi;
  icons -> openapi;
  xml_openapi -> openapi;
  platform_api -> openapi;
  lang_api -> openapi;
  vcs_api -> openapi;
  dom_openapi -> openapi;
  resources_en -> openapi;
  platform_api[label="platform_api"];
  util -> platform_api;
  extensions -> platform_api;
  bootstrap -> platform_api;
  forms_rt -> platform_api;
  platform_resources_en -> platform_api;
  icons -> platform_api;
  platform_impl[label="platform_impl"];
  platform_api -> platform_impl;
  boot -> platform_impl;
  bootstrap -> platform_impl;
  lvcs_api -> platform_impl;
  testFramework -> platform_impl;
  lang_api -> platform_impl;
  platform_main[label="platform_main"];
  platform_impl -> platform_main;
  bootstrap -> platform_main;
  platform_resources[label="platform_resources"];
  platform_resources_en[label="platform_resources_en"];
  properties[label="properties"];
  boot -> properties;
  lang_api -> properties;
  platform_api -> properties;
  lang_impl -> properties;
  platform_impl -> properties;
  annotations -> properties;
  testFramework -> properties;
  spellchecker -> properties;
  resources -> properties;
  relaxng[label="relaxng"];
  lang_api -> relaxng;
  xml -> relaxng;
  dom_openapi -> relaxng;
  lang_impl -> relaxng;
  testFramework -> relaxng;
  resources[label="resources"];
  platform_resources -> resources;
  images -> resources;
  community_resources -> resources;
  resources_en[label="resources_en"];
  smRunner[label="smRunner"];
  lang_impl -> smRunner;
  testRunner -> smRunner;
  xdebugger_api -> smRunner;
  platform_impl -> smRunner;
  annotations -> smRunner;
  testFramework -> smRunner;
  smartcvs_src[label="smartcvs_src"];
  javacvs_src -> smartcvs_src;
  util -> smartcvs_src;
  spellchecker[label="spellchecker"];
  lang_api -> spellchecker;
  lang_impl -> spellchecker;
  platform_api -> spellchecker;
  platform_impl -> spellchecker;
  xml_openapi -> spellchecker;
  testFramework -> spellchecker;
  svn4idea[label="svn4idea"];
  util -> svn4idea;
  vcs_api -> svn4idea;
  platform_api -> svn4idea;
  vcs_impl -> svn4idea;
  platform_impl -> svn4idea;
  svn4idea_tests[label="svn4idea_tests"];
  svn4idea -> svn4idea_tests;
  vcs_api -> svn4idea_tests;
  vcs_impl -> svn4idea_tests;
  platform_impl -> svn4idea_tests;
  testFramework -> svn4idea_tests;
  lang_api -> svn4idea_tests;
  tasks_api[label="tasks_api"];
  platform_api -> tasks_api;
  vcs_api -> tasks_api;
  tasks_core[label="tasks_core"];
  tasks_api -> tasks_core;
  platform_api -> tasks_core;
  platform_impl -> tasks_core;
  vcs_api -> tasks_core;
  lang_impl -> tasks_core;
  vcs_impl -> tasks_core;
  jira_connector -> tasks_core;
  tasks_java[label="tasks_java"];
  tasks_api -> tasks_java;
  platform_api -> tasks_java;
  debugger_openapi -> tasks_java;
  debugger_impl -> tasks_java;
  tasks_tests[label="tasks_tests"];
  tasks_api -> tasks_tests;
  tasks_core -> tasks_tests;
  tasks_java -> tasks_tests;
  jira_connector -> tasks_tests;
  testFramework_java -> tasks_tests;
  testFramework[label="testFramework"];
  lang_api -> testFramework;
  lang_impl -> testFramework;
  platform_impl -> testFramework;
  vcs_api -> testFramework;
  lvcs_impl -> testFramework;
  tests_bootstrap -> testFramework;
  testFramework_java[label="testFramework_java"];
  openapi -> testFramework_java;
  util -> testFramework_java;
  dom_openapi -> testFramework_java;
  lang_api -> testFramework_java;
  lang_impl -> testFramework_java;
  compiler_impl -> testFramework_java;
  java_impl -> testFramework_java;
  testFramework -> testFramework_java;
  testRunner[label="testRunner"];
  platform_api -> testRunner;
  lang_impl -> testRunner;
  platform_impl -> testRunner;
  xdebugger_api -> testRunner;
  testng[label="testng"];
  openapi -> testng;
  execution_impl -> testng;
  debugger_impl -> testng;
  debugger_openapi -> testng;
  testRunner -> testng;
  java_runtime -> testng;
  testng_rt -> testng;
  java_i18n -> testng;
  testFramework_java -> testng;
  execution_openapi -> testng;
  java_impl -> testng;
  jsp_openapi -> testng;
  testng_rt[label="testng_rt"];
  tests_bootstrap[label="tests_bootstrap"];
  ui_designer[label="ui_designer"];
  openapi -> ui_designer;
  util -> ui_designer;
  forms_compiler -> ui_designer;
  forms_rt -> ui_designer;
  compiler_openapi -> ui_designer;
  execution_impl -> ui_designer;
  execution_openapi -> ui_designer;
  compiler_impl -> ui_designer;
  icons -> ui_designer;
  xml -> ui_designer;
  java_i18n -> ui_designer;
  idea_ui -> ui_designer;
  testFramework_java -> ui_designer;
  java_impl -> ui_designer;
  java_tests -> ui_designer;
  platform_api -> ui_designer;
  usageView[label="usageView"];
  lang_api -> usageView;
  testFramework -> usageView;
  util[label="util"];
  platform_resources_en -> util;
  annotations -> util;
  vcs_api[label="vcs_api"];
  platform_api -> vcs_api;
  vcs_impl[label="vcs_impl"];
  vcs_api -> vcs_impl;
  platform_api -> vcs_impl;
  platform_impl -> vcs_impl;
  xdebugger_api[label="xdebugger_api"];
  lang_api -> xdebugger_api;
  xdebugger_impl[label="xdebugger_impl"];
  xdebugger_api -> xdebugger_impl;
  lang_impl -> xdebugger_impl;
  testFramework -> xdebugger_impl;
  platform_resources -> xdebugger_impl;
  dom_impl -> xdebugger_impl;
  xml -> xdebugger_impl;
  xml[label="xml"];
  xml_openapi -> xml;
  platform_impl -> xml;
  lang_impl -> xml;
  icons -> xml;
  platform_resources -> xml;
  vcs_api -> xml;
  xml_openapi[label="xml_openapi"];
  lang_api -> xml_openapi;
  xpath[label="xpath"];
  xml_openapi -> xpath;
  lang_api -> xpath;
  platform_impl -> xpath;
  lang_impl -> xpath;
  xml -> xpath;
  xslt_rt -> xpath;
  lvcs_impl -> xpath;
  annotations -> xpath;
  resources_en -> xpath;
  testFramework -> xpath;
  xslt_debugger[label="xslt_debugger"];
  xpath -> xslt_debugger;
  xslt_debugger_engine -> xslt_debugger;
  lang_api -> xslt_debugger;
  lang_impl -> xslt_debugger;
  xdebugger_api -> xslt_debugger;
  xdebugger_impl -> xslt_debugger;
  xml_openapi -> xslt_debugger;
  compiler_impl -> xslt_debugger;
  openapi -> xslt_debugger;
  xml -> xslt_debugger;
  execution_openapi -> xslt_debugger;
  debugger_impl -> xslt_debugger;
  platform_impl -> xslt_debugger;
  xslt_debugger_engine[label="xslt_debugger_engine"];
  xslt_rt -> xslt_debugger_engine;
  xslt_debugger_engine_impl[label="xslt_debugger_engine_impl"];
  xslt_rt -> xslt_debugger_engine_impl;
  xslt_debugger_engine -> xslt_debugger_engine_impl;
  xslt_rt[label="xslt_rt"];
}
digraph X {
  InspectionGadgetsPlugin[label="InspectionGadgetsPlugin"];
  openapi -> InspectionGadgetsPlugin;
  util -> InspectionGadgetsPlugin;
  jsp_openapi -> InspectionGadgetsPlugin;
  java_impl -> InspectionGadgetsPlugin;
  testFramework_java -> InspectionGadgetsPlugin;
  openapi[label="openapi"];
  util -> openapi;
  forms_rt -> openapi;
  extensions -> openapi;
  icons -> openapi;
  xml_openapi -> openapi;
  platform_api -> openapi;
  lang_api -> openapi;
  vcs_api -> openapi;
  dom_openapi -> openapi;
  resources_en -> openapi;
  util[label="util"];
  platform_resources_en -> util;
  annotations -> util;
  platform_resources_en[label="platform_resources_en"];
  annotations[label="annotations"];
  forms_rt[label="forms_rt"];
  extensions[label="extensions"];
  icons[label="icons"];
  xml_openapi[label="xml_openapi"];
  lang_api -> xml_openapi;
  lang_api[label="lang_api"];
  platform_api -> lang_api;
  lvcs_api -> lang_api;
  platform_api[label="platform_api"];
  bootstrap -> platform_api;
  bootstrap[label="bootstrap"];
  lvcs_api[label="lvcs_api"];
  vcs_api[label="vcs_api"];
  dom_openapi[label="dom_openapi"];
  resources -> dom_openapi;
  lang_impl -> dom_openapi;
  resources[label="resources"];
  platform_resources -> resources;
  images -> resources;
  community_resources -> resources;
  platform_resources[label="platform_resources"];
  images[label="images"];
  lang_impl -> images;
  lang_impl[label="lang_impl"];
  boot -> lang_impl;
  vcs_impl -> lang_impl;
  platform_impl -> lang_impl;
  usageView -> lang_impl;
  xdebugger_api -> lang_impl;
  boot[label="boot"];
  vcs_impl[label="vcs_impl"];
  platform_impl -> vcs_impl;
  platform_impl[label="platform_impl"];
  testFramework -> platform_impl;
  testFramework[label="testFramework"];
  lvcs_impl -> testFramework;
  tests_bootstrap -> testFramework;
  lvcs_impl[label="lvcs_impl"];
  tests_bootstrap[label="tests_bootstrap"];
  usageView[label="usageView"];
  xdebugger_api[label="xdebugger_api"];
  community_resources[label="community_resources"];
  resources_en[label="resources_en"];
  jsp_openapi[label="jsp_openapi"];
  jsp_base_openapi -> jsp_openapi;
  jsp_base_openapi[label="jsp_base_openapi"];
  java_impl[label="java_impl"];
  xml -> java_impl;
  java_runtime -> java_impl;
  compiler_openapi -> java_impl;
  jsp_spi -> java_impl;
  execution_openapi -> java_impl;
  dom_impl -> java_impl;
  xml[label="xml"];
  java_runtime[label="java_runtime"];
  compiler_openapi[label="compiler_openapi"];
  jsp_spi[label="jsp_spi"];
  execution_openapi[label="execution_openapi"];
  dom_impl[label="dom_impl"];
  testFramework_java[label="testFramework_java"];
  compiler_impl -> testFramework_java;
  compiler_impl[label="compiler_impl"];
  notNull -> compiler_impl;
  notNull[label="notNull"];
  IntelliLang[label="IntelliLang"];
  RegExpSupport -> IntelliLang;
  RegExpSupport[label="RegExpSupport"];
  IntelliLang_java[label="IntelliLang_java"];
  IntelliLang_javaee[label="IntelliLang_javaee"];
  IntelliLang_xml[label="IntelliLang_xml"];
  xpath -> IntelliLang_xml;
  xpath[label="xpath"];
  xslt_rt -> xpath;
  xslt_rt[label="xslt_rt"];
  IntentionPowerPackPlugin[label="IntentionPowerPackPlugin"];
  android[label="android"];
  execution_impl -> android;
  debugger_impl -> android;
  xdebugger_impl -> android;
  smRunner -> android;
  junit -> android;
  idea_ui -> android;
  maven -> android;
  execution_impl[label="execution_impl"];
  debugger_impl -> execution_impl;
  testRunner -> execution_impl;
  debugger_impl[label="debugger_impl"];
  debugger_openapi -> debugger_impl;
  xdebugger_impl -> debugger_impl;
  debugger_openapi[label="debugger_openapi"];
  xdebugger_impl[label="xdebugger_impl"];
  testRunner[label="testRunner"];
  smRunner[label="smRunner"];
  junit[label="junit"];
  junit_rt -> junit;
  junit_rt[label="junit_rt"];
  idea_ui[label="idea_ui"];
  maven[label="maven"];
  maven_server_api -> maven;
  properties -> maven;
  jetgroovy -> maven;
  maven_server_api[label="maven_server_api"];
  properties[label="properties"];
  spellchecker -> properties;
  spellchecker[label="spellchecker"];
  jetgroovy[label="jetgroovy"];
  groovy_rt -> jetgroovy;
  copyright -> jetgroovy;
  ant -> jetgroovy;
  groovy_rt[label="groovy_rt"];
  copyright[label="copyright"];
  ant[label="ant"];
  build[label="build"];
  commander[label="commander"];
  community_main[label="community_main"];
  platform_main -> community_main;
  java_tests -> community_main;
  cvs_plugin -> community_main;
  java_i18n -> community_main;
  ui_designer -> community_main;
  devkit -> community_main;
  eclipse -> community_main;
  generate_tostring -> community_main;
  git4idea -> community_main;
  svn4idea -> community_main;
  svn4idea_tests -> community_main;
  testng -> community_main;
  xslt_debugger -> community_main;
  xslt_debugger_engine -> community_main;
  tasks_core -> community_main;
  jira_connector -> community_main;
  tasks_api -> community_main;
  tasks_java -> community_main;
  tasks_tests -> community_main;
  github -> community_main;
  hg4idea -> community_main;
  relaxng -> community_main;
  platform_main[label="platform_main"];
  java_tests[label="java_tests"];
  java_i18n -> java_tests;
  testng -> java_tests;
  java_i18n[label="java_i18n"];
  testng[label="testng"];
  testng_rt -> testng;
  testng_rt[label="testng_rt"];
  cvs_plugin[label="cvs_plugin"];
  cvs_core -> cvs_plugin;
  javacvs_src -> cvs_plugin;
  smartcvs_src -> cvs_plugin;
  cvs_core[label="cvs_core"];
  javacvs_src -> cvs_core;
  javacvs_src[label="javacvs_src"];
  smartcvs_src[label="smartcvs_src"];
  ui_designer[label="ui_designer"];
  forms_compiler -> ui_designer;
  forms_compiler[label="forms_compiler"];
  devkit[label="devkit"];
  eclipse[label="eclipse"];
  generate_tostring[label="generate_tostring"];
  git4idea[label="git4idea"];
  svn4idea[label="svn4idea"];
  svn4idea_tests[label="svn4idea_tests"];
  xslt_debugger[label="xslt_debugger"];
  xslt_debugger_engine -> xslt_debugger;
  xslt_debugger_engine[label="xslt_debugger_engine"];
  tasks_core[label="tasks_core"];
  tasks_api -> tasks_core;
  jira_connector -> tasks_core;
  tasks_api[label="tasks_api"];
  jira_connector[label="jira_connector"];
  tasks_java[label="tasks_java"];
  tasks_tests[label="tasks_tests"];
  github[label="github"];
  hg4idea[label="hg4idea"];
  relaxng[label="relaxng"];
  javac2[label="javac2"];
  maven2_server_impl[label="maven2_server_impl"];
  maven3_server_impl[label="maven3_server_impl"];
  xslt_debugger_engine_impl[label="xslt_debugger_engine_impl"];
}
Module xdebugger-api is not outdated.
forced == false
Module community-main is not outdated.
forced == false
Module xdebugger-impl is not outdated.
forced == false
Module debugger-impl is not outdated.
forced == false
Module testng is not outdated.
forced == false
Module java-tests is not outdated.
forced == false
Module ui-designer is not outdated.
forced == false
Module execution-impl is not outdated.
forced == false
Module maven is not outdated.
forced == false
Module android is not outdated.
forced == false
Module maven2-server-impl is not outdated.
forced == false
Module maven3-server-impl is not outdated.
forced == false
Module devkit is not outdated.
forced == false
Module junit is not outdated.
forced == false
Module jetgroovy is not outdated.
forced == false
Module ant is not outdated.
forced == false
Module xslt-debugger is not outdated.
forced == false
Module tasks-java is not outdated.
forced == false
Module tasks-tests is not outdated.
forced == false
Module smRunner is not outdated.
forced == false
Module testRunner is not outdated.
forced == false
Module execution-openapi is not outdated.
forced == false
Module debugger-openapi is not outdated.
forced == false
Module java-impl is not outdated.
forced == false
Module java-i18n is not outdated.
forced == false
Module generate-tostring is not outdated.
forced == false
Module eclipse is not outdated.
forced == false
Module commander is not outdated.
forced == false
Module compiler-impl is not outdated.
forced == false
Module testFramework-java is not outdated.
forced == false
Module IntentionPowerPackPlugin is not outdated.
forced == false
Module InspectionGadgetsPlugin is not outdated.
forced == false
Module idea-ui is not outdated.
forced == false
Module IntelliLang-java is not outdated.
forced == false
Module lang-impl is not outdated.
forced == false
Module RegExpSupport is not outdated.
forced == false
Module IntelliLang-xml is not outdated.
forced == false
Module IntelliLang is not outdated.
forced == false
Module IntelliLang-javaee is not outdated.
forced == false
Module relaxng is not outdated.
forced == false
Module testFramework is not outdated.
forced == false
Module usageView is not outdated.
forced == false
Module git4idea is not outdated.
forced == false
Module github is not outdated.
forced == false
Module spellchecker is not outdated.
forced == false
Module properties is not outdated.
forced == false
Module xpath is not outdated.
forced == false
Module lvcs-impl is not outdated.
forced == false
Module svn4idea-tests is not outdated.
forced == false
Module platform-impl is not outdated.
forced == false
Module svn4idea is not outdated.
forced == false
Module jira-connector is not outdated.
forced == false
Module tasks-core is not outdated.
forced == false
Module dom-impl is not outdated.
forced == false
Module cvs-plugin is not outdated.
forced == false
Module xml is not outdated.
forced == false
Module platform-main is not outdated.
forced == false
Module vcs-impl is not outdated.
forced == false
Module hg4idea is not outdated.
forced == false
Module copyright is not outdated.
forced == false
Module dom-openapi is not outdated.
forced == false
Module openapi is not outdated.
forced == false
Module jsp-spi is not outdated.
forced == false
Module jsp-openapi is not outdated.
forced == false
Module compiler-openapi is not outdated.
forced == false
Module images is not outdated.
forced == false
Module resources is not outdated.
forced == false
Module community-resources is not outdated.
forced == false
Module platform-resources-en is not outdated.
forced == false
Module platform-api is not outdated.
forced == false
Module jsp-base-openapi is not outdated.
forced == false
Module lvcs-api is not outdated.
forced == false
Module lang-api is not outdated.
forced == false
Module xml-openapi is not outdated.
forced == false
Module tasks-api is not outdated.
forced == false
Module vcs-api is not outdated.
forced == false
Module cvs-core is not outdated.
forced == false
Module util is not outdated.
forced == false
Module bootstrap is not outdated.
forced == false
Module maven-server-api is not outdated.
forced == false
Module extensions is not outdated.
forced == false
Module smartcvs-src is not outdated.
forced == false
Module javacvs-src is not outdated.
forced == false
Module xslt-debugger-engine is not outdated.
forced == false
Module xslt-debugger-engine-impl is not outdated.
forced == false
Module forms_rt is not outdated.
forced == false
Module forms-compiler is not outdated.
forced == false
Module javac2 is not outdated.
forced == false
Module notNull is not outdated.
forced == false
Module xslt-rt is not outdated.
forced == false
Module groovy-rt is not outdated.
forced == false
Module java-runtime is not outdated.
forced == false
Module junit_rt is not outdated.
forced == false
Module build is not outdated.
forced == false
Module tests_bootstrap is not outdated.
forced == false
Module boot is not outdated.
forced == false
Module resources-en is not outdated.
forced == false
Module platform-resources is not outdated.
forced == false
Module icons is not outdated.
forced == false
Module annotations is not outdated.
forced == false
Module testng_rt is not outdated.
forced == false
Propagated modules:
End of propagated
